./gradlew : WARNING: A 
restricted method in 
java.lang.System has been 
called
At line:1 char:1
+ ./gradlew 
:app:compileDebugKotlin 2>&1 
| Out-File -FilePath 
"build_er ...
+ ~~~~~~~~~~~~~~~~~~~~~~~~~~~
~~~~~~~~~~~
    + CategoryInfo           
   : NotSpecified: (WARNING  
  : A rest...has been call   
 ed:String) [], RemoteExc    
eption
    + FullyQualifiedErrorId  
   : NativeCommandError
 
WARNING: 
java.lang.System::load has 
been called by net.rubygrapef
ruit.platform.internal.Native
LibraryLoader in an unnamed 
module (file:/C:/Users/msi/.g
radle/wrapper/dists/gradle-9.
0-milestone-1-bin/3vdepk4s12b
ybhohyuvjcm1bd/gradle-9.0-mil
estone-1/lib/native-platform-
0.22-milestone-28.jar)
WARNING: Use --enable-native-
access=ALL-UNNAMED to avoid 
a warning for callers in 
this module
WARNING: Restricted methods 
will be blocked in a future 
release unless native access 
is enabled

> Task :app:checkKotlinGradlePluginConfigurationErrors
> Task :app:preBuild UP-TO-DATE
> Task :app:preDebugBuild UP-TO-DATE
> Task :app:checkDebugAarMetadata UP-TO-DATE
> Task :app:processDebugNavigationResources UP-TO-DATE
> Task :app:compileDebugNavigationResources UP-TO-DATE
> Task :app:generateDebugResValues UP-TO-DATE
> Task :app:mapDebugSourceSetPaths UP-TO-DATE
> Task :app:generateDebugResources UP-TO-DATE
> Task :app:mergeDebugResources UP-TO-DATE
> Task :app:packageDebugResources UP-TO-DATE
> Task :app:parseDebugLocalResources UP-TO-DATE
> Task :app:createDebugCompatibleScreenManifests UP-TO-DATE
> Task :app:extractDeepLinksDebug UP-TO-DATE
> Task :app:processDebugMainManifest UP-TO-DATE
> Task :app:processDebugManifest UP-TO-DATE
> Task :app:processDebugManifestForPackage UP-TO-DATE
> Task :app:processDebugResources UP-TO-DATE

e: file:///C:/Users/msi/Docum
ents/GitHub/trinity/mobile-ko
tlin/app/src/main/java/com/tr
inity/hrm/data/storage/DataSt
orage.kt:46:59 Unresolved 
reference: SupabaseStorage
e: file:///C:/Users/msi/Docum
ents/GitHub/trinity/mobile-ko
tlin/app/src/main/java/com/tr
inity/hrm/data/storage/DataSt
orage.kt:53:59 Unresolved 
reference: SupabaseStorage
e: file:///C:/Users/msi/Docum
ents/GitHub/trinity/mobile-ko
tlin/app/src/main/java/com/tr
inity/hrm/data/storage/DataSt
orage.kt:61:59 Unresolved 
reference: SupabaseStorage
e: file:///C:/Users/msi/Docum
ents/GitHub/trinity/mobile-ko
tlin/app/src/main/java/com/tr
inity/hrm/data/storage/DataSt
orage.kt:68:59 Unresolved 
reference: SupabaseStorage
e: file:///C:/Users/msi/Docum
ents/GitHub/trinity/mobile-ko
tlin/app/src/main/java/com/tr
inity/hrm/data/storage/DataSt
orage.kt:76:59 Unresolved 
reference: SupabaseStorage
e: file:///C:/Users/msi/Docum
ents/GitHub/trinity/mobile-ko
tlin/app/src/main/java/com/tr
inity/hrm/data/storage/DataSt
orage.kt:83:59 Unresolved 
reference: SupabaseStorage
e: file:///C:/Users/msi/Docum
ents/GitHub/trinity/mobile-ko
tlin/app/src/main/java/com/tr
inity/hrm/data/storage/DataSt
orage.kt:91:59 Unresolved 
reference: SupabaseStorage
e: file:///C:/Users/msi/Docum
ents/GitHub/trinity/mobile-ko
tlin/app/src/main/java/com/tr
inity/hrm/data/storage/DataSt
orage.kt:98:59 Unresolved 
reference: SupabaseStorage
e: file:///C:/Users/msi/Docum
ents/GitHub/trinity/mobile-ko
tlin/app/src/main/java/com/tr
inity/hrm/data/storage/DataSt
orage.kt:106:59 Unresolved 
reference: SupabaseStorage
e: file:///C:/Users/msi/Docum
ents/GitHub/trinity/mobile-ko
tlin/app/src/main/java/com/tr
inity/hrm/data/storage/DataSt
orage.kt:120:59 Unresolved 
reference: SupabaseStorage
e: file:///C:/Users/msi/Docum
ents/GitHub/trinity/mobile-ko
tlin/app/src/main/java/com/tr
inity/hrm/data/storage/DataSt
orage.kt:127:59 Unresolved 
reference: SupabaseStorage
e: file:///C:/Users/msi/Docum
ents/GitHub/trinity/mobile-ko
tlin/app/src/main/java/com/tr
inity/hrm/data/storage/DataSt
orage.kt:135:59 Unresolved 
reference: SupabaseStorage
e: file:///C:/Users/msi/Docum
ents/GitHub/trinity/mobile-ko
tlin/app/src/main/java/com/tr
inity/hrm/data/storage/DataSt
orage.kt:142:59 Unresolved 
reference: SupabaseStorage
> Task :app:compileDebugKotlin FAILED

[Incubating] Problems report is available at: file:///C:/Users/msi/Documents/GitHub/trinity/mobile-kotlin/build/reports/problems/problems-report.html

FAILURE: Build failed with 
an exception.

* What went wrong:
Execution failed for task 
':app:compileDebugKotlin'.
> A failure occurred while 
executing org.jetbrains.kotli
n.compilerRunner.GradleCompil
erRunnerWithWorkers$GradleKot
linCompilerWorkAction
   > Compilation error. See 
log for more details

* Try:
> Run with --stacktrace 
option to get the stack 
trace.
> Run with --info or --debug 
option to get more log 
output.
> Run with --scan to get 
full insights.
> Get more help at 
https://help.gradle.org.

Deprecated Gradle features were used in this build, making it incompatible with Gradle 10.0.

You can use '--warning-mode all' to show the individual deprecation warnings and determine if they come from your own scripts or plugins.

For more on this, please refer to https://docs.gradle.org/9.0-milestone-1/userguide/command_line_interface.html#sec:command_line_warnings in the Gradle documentation.
17 actionable tasks: 2 executed, 15 up-to-date

BUILD FAILED in 5s
